0 info it worked if it ends with ok
1 verbose cli [ '/usr/local/bin/node', '/usr/local/bin/npm', 'run', 'prod' ]
2 info using npm@3.8.3
3 info using node@v5.10.1
4 verbose run-script [ 'preprod', 'prod', 'postprod' ]
5 info lifecycle trolls@1.0.0~preprod: trolls@1.0.0
6 silly lifecycle trolls@1.0.0~preprod: no script for preprod, continuing
7 info lifecycle trolls@1.0.0~prod: trolls@1.0.0
8 verbose lifecycle trolls@1.0.0~prod: unsafe-perm in lifecycle true
9 verbose lifecycle trolls@1.0.0~prod: PATH: /usr/local/lib/node_modules/npm/bin/node-gyp-bin:/Users/aleksandr/work/trolls/node_modules/.bin:/usr/local/bin:/usr/local/git/bin:/usr/local/bin:/usr/bin:/bin:/usr/sbin:/sbin:/usr/local/git/bin
10 verbose lifecycle trolls@1.0.0~prod: CWD: /Users/aleksandr/work/trolls
11 silly lifecycle trolls@1.0.0~prod: Args: [ '-c',
11 silly lifecycle   'NODE_ENV=production gulp clean; NODE_ENV=dnevnik webpack;  NODE_ENV=mosreg webpack; NODE_ENV=staging webpack; NODE_ENV=production gulp prod-no-js;' ]
12 silly lifecycle trolls@1.0.0~prod: Returned: code: 1  signal: null
13 info lifecycle trolls@1.0.0~prod: Failed to exec prod script
14 verbose stack Error: trolls@1.0.0 prod: `NODE_ENV=production gulp clean; NODE_ENV=dnevnik webpack;  NODE_ENV=mosreg webpack; NODE_ENV=staging webpack; NODE_ENV=production gulp prod-no-js;`
14 verbose stack Exit status 1
14 verbose stack     at EventEmitter.<anonymous> (/usr/local/lib/node_modules/npm/lib/utils/lifecycle.js:239:16)
14 verbose stack     at emitTwo (events.js:100:13)
14 verbose stack     at EventEmitter.emit (events.js:185:7)
14 verbose stack     at ChildProcess.<anonymous> (/usr/local/lib/node_modules/npm/lib/utils/spawn.js:24:14)
14 verbose stack     at emitTwo (events.js:100:13)
14 verbose stack     at ChildProcess.emit (events.js:185:7)
14 verbose stack     at maybeClose (internal/child_process.js:850:16)
14 verbose stack     at Process.ChildProcess._handle.onexit (internal/child_process.js:215:5)
15 verbose pkgid trolls@1.0.0
16 verbose cwd /Users/aleksandr/work/trolls
17 error Darwin 16.0.0
18 error argv "/usr/local/bin/node" "/usr/local/bin/npm" "run" "prod"
19 error node v5.10.1
20 error npm  v3.8.3
21 error code ELIFECYCLE
22 error trolls@1.0.0 prod: `NODE_ENV=production gulp clean; NODE_ENV=dnevnik webpack;  NODE_ENV=mosreg webpack; NODE_ENV=staging webpack; NODE_ENV=production gulp prod-no-js;`
22 error Exit status 1
23 error Failed at the trolls@1.0.0 prod script 'NODE_ENV=production gulp clean; NODE_ENV=dnevnik webpack;  NODE_ENV=mosreg webpack; NODE_ENV=staging webpack; NODE_ENV=production gulp prod-no-js;'.
23 error Make sure you have the latest version of node.js and npm installed.
23 error If you do, this is most likely a problem with the trolls package,
23 error not with npm itself.
23 error Tell the author that this fails on your system:
23 error     NODE_ENV=production gulp clean; NODE_ENV=dnevnik webpack;  NODE_ENV=mosreg webpack; NODE_ENV=staging webpack; NODE_ENV=production gulp prod-no-js;
23 error You can get information on how to open an issue for this project with:
23 error     npm bugs trolls
23 error Or if that isn't available, you can get their info via:
23 error     npm owner ls trolls
23 error There is likely additional logging output above.
24 verbose exit [ 1, true ]
